<?xml version="1.0" encoding="UTF-8"?>
<testsuite name="onefootball.com.testonefootball.ExampleUnitTest" tests="1" skipped="0" failures="0" errors="0" timestamp="2019-01-20T08:30:33" hostname="Mohis-iMac.local" time="0.0">
  <properties/>
  <testcase name="addition_isCorrect" classname="onefootball.com.testonefootball.ExampleUnitTest" time="0.0"/>
  <system-out><![CDATA[]]></system-out>
  <system-err><![CDATA[]]></system-err>
</testsuite>
